c:\users\luisl\desktop\tfg-final-ancas-victorvillermori-2016-2017\ancas-ficheroscosmin\lander\debug\lander.bsc
c:\users\luisl\desktop\tfg-final-ancas-victorvillermori-2016-2017\ancas-ficheroscosmin\lander\debug\lander.pch
c:\users\luisl\desktop\tfg-final-ancas-victorvillermori-2016-2017\ancas-ficheroscosmin\lander\debug\vc141.pdb
c:\users\luisl\desktop\tfg-final-ancas-victorvillermori-2016-2017\ancas-ficheroscosmin\lander\debug\vc141.idb
c:\users\luisl\desktop\tfg-final-ancas-victorvillermori-2016-2017\ancas-ficheroscosmin\lander\debug\stdafx.sbr
c:\users\luisl\desktop\tfg-final-ancas-victorvillermori-2016-2017\ancas-ficheroscosmin\lander\debug\stdafx.obj
c:\users\luisl\desktop\tfg-final-ancas-victorvillermori-2016-2017\ancas-ficheroscosmin\lander\debug\coordenadacartesiana.sbr
c:\users\luisl\desktop\tfg-final-ancas-victorvillermori-2016-2017\ancas-ficheroscosmin\lander\debug\coordenadaesferica.sbr
c:\users\luisl\desktop\tfg-final-ancas-victorvillermori-2016-2017\ancas-ficheroscosmin\lander\debug\datosciclo.sbr
c:\users\luisl\desktop\tfg-final-ancas-victorvillermori-2016-2017\ancas-ficheroscosmin\lander\debug\datosiniciales.sbr
c:\users\luisl\desktop\tfg-final-ancas-victorvillermori-2016-2017\ancas-ficheroscosmin\lander\debug\dlg_buscarpatron.sbr
c:\users\luisl\desktop\tfg-final-ancas-victorvillermori-2016-2017\ancas-ficheroscosmin\lander\debug\dlg_datos.sbr
c:\users\luisl\desktop\tfg-final-ancas-victorvillermori-2016-2017\ancas-ficheroscosmin\lander\debug\dlg_estadisticas.sbr
c:\users\luisl\desktop\tfg-final-ancas-victorvillermori-2016-2017\ancas-ficheroscosmin\lander\debug\dlg_ira.sbr
c:\users\luisl\desktop\tfg-final-ancas-victorvillermori-2016-2017\ancas-ficheroscosmin\lander\debug\lander.sbr
c:\users\luisl\desktop\tfg-final-ancas-victorvillermori-2016-2017\ancas-ficheroscosmin\lander\debug\landerdoc.sbr
c:\users\luisl\desktop\tfg-final-ancas-victorvillermori-2016-2017\ancas-ficheroscosmin\lander\debug\landerview.sbr
c:\users\luisl\desktop\tfg-final-ancas-victorvillermori-2016-2017\ancas-ficheroscosmin\lander\debug\mainfrm.sbr
c:\users\luisl\desktop\tfg-final-ancas-victorvillermori-2016-2017\ancas-ficheroscosmin\lander\debug\manejadorbitmap.sbr
c:\users\luisl\desktop\tfg-final-ancas-victorvillermori-2016-2017\ancas-ficheroscosmin\lander\debug\manejadorfichero.sbr
c:\users\luisl\desktop\tfg-final-ancas-victorvillermori-2016-2017\ancas-ficheroscosmin\lander\debug\orientacion.sbr
c:\users\luisl\desktop\tfg-final-ancas-victorvillermori-2016-2017\ancas-ficheroscosmin\lander\debug\orientacion.obj
c:\users\luisl\desktop\tfg-final-ancas-victorvillermori-2016-2017\ancas-ficheroscosmin\lander\debug\manejadorfichero.obj
c:\users\luisl\desktop\tfg-final-ancas-victorvillermori-2016-2017\ancas-ficheroscosmin\lander\debug\manejadorbitmap.obj
c:\users\luisl\desktop\tfg-final-ancas-victorvillermori-2016-2017\ancas-ficheroscosmin\lander\debug\mainfrm.obj
c:\users\luisl\desktop\tfg-final-ancas-victorvillermori-2016-2017\ancas-ficheroscosmin\lander\debug\landerview.obj
c:\users\luisl\desktop\tfg-final-ancas-victorvillermori-2016-2017\ancas-ficheroscosmin\lander\debug\landerdoc.obj
c:\users\luisl\desktop\tfg-final-ancas-victorvillermori-2016-2017\ancas-ficheroscosmin\lander\debug\lander.obj
c:\users\luisl\desktop\tfg-final-ancas-victorvillermori-2016-2017\ancas-ficheroscosmin\lander\debug\dlg_ira.obj
c:\users\luisl\desktop\tfg-final-ancas-victorvillermori-2016-2017\ancas-ficheroscosmin\lander\debug\dlg_estadisticas.obj
c:\users\luisl\desktop\tfg-final-ancas-victorvillermori-2016-2017\ancas-ficheroscosmin\lander\debug\dlg_datos.obj
c:\users\luisl\desktop\tfg-final-ancas-victorvillermori-2016-2017\ancas-ficheroscosmin\lander\debug\dlg_buscarpatron.obj
c:\users\luisl\desktop\tfg-final-ancas-victorvillermori-2016-2017\ancas-ficheroscosmin\lander\debug\datosiniciales.obj
c:\users\luisl\desktop\tfg-final-ancas-victorvillermori-2016-2017\ancas-ficheroscosmin\lander\debug\datosciclo.obj
c:\users\luisl\desktop\tfg-final-ancas-victorvillermori-2016-2017\ancas-ficheroscosmin\lander\debug\coordenadaesferica.obj
c:\users\luisl\desktop\tfg-final-ancas-victorvillermori-2016-2017\ancas-ficheroscosmin\lander\debug\coordenadacartesiana.obj
c:\users\luisl\desktop\tfg-final-ancas-victorvillermori-2016-2017\ancas-ficheroscosmin\lander\debug\
c:\users\luisl\desktop\tfg-final-ancas-victorvillermori-2016-2017\ancas-ficheroscosmin\lander\debug\cargaobj.sbr
c:\users\luisl\desktop\tfg-final-ancas-victorvillermori-2016-2017\ancas-ficheroscosmin\lander\debug\dibagente.sbr
c:\users\luisl\desktop\tfg-final-ancas-victorvillermori-2016-2017\ancas-ficheroscosmin\lander\debug\dibgl.sbr
c:\users\luisl\desktop\tfg-final-ancas-victorvillermori-2016-2017\ancas-ficheroscosmin\lander\debug\dibgl.obj
c:\users\luisl\desktop\tfg-final-ancas-victorvillermori-2016-2017\ancas-ficheroscosmin\lander\debug\dibagente.obj
c:\users\luisl\desktop\tfg-final-ancas-victorvillermori-2016-2017\ancas-ficheroscosmin\lander\debug\cargaobj.obj
c:\users\luisl\desktop\tfg-final-ancas-victorvillermori-2016-2017\ancas-ficheroscosmin\lander\debug\lander.ilk
c:\users\luisl\desktop\tfg-final-ancas-victorvillermori-2016-2017\ancas-ficheroscosmin\lander\debug\lander.exe
c:\users\luisl\desktop\tfg-final-ancas-victorvillermori-2016-2017\ancas-ficheroscosmin\lander\debug\lander.pdb
c:\users\luisl\desktop\tfg-final-ancas-victorvillermori-2016-2017\ancas-ficheroscosmin\lander\debug\lander.res
c:\users\luisl\desktop\tfg-final-ancas-victorvillermori-2016-2017\ancas-ficheroscosmin\lander\debug\resource.res
c:\users\luisl\desktop\tfg-final-ancas-victorvillermori-2016-2017\ancas-ficheroscosmin\lander\debug\vc120.idb
c:\users\luisl\desktop\tfg-final-ancas-victorvillermori-2016-2017\ancas-ficheroscosmin\lander\debug\vc120.pdb
c:\users\luisl\desktop\tfg-final-ancas-victorvillermori-2016-2017\ancas-ficheroscosmin\lander\.\debug\lander.exe
c:\users\luisl\desktop\tfg-final-ancas-victorvillermori-2016-2017\ancas-ficheroscosmin\lander\debug\lander.tlog\bscmake.command.1.tlog
c:\users\luisl\desktop\tfg-final-ancas-victorvillermori-2016-2017\ancas-ficheroscosmin\lander\debug\lander.tlog\bscmake.read.1.tlog
c:\users\luisl\desktop\tfg-final-ancas-victorvillermori-2016-2017\ancas-ficheroscosmin\lander\debug\lander.tlog\bscmake.write.1.tlog
c:\users\luisl\desktop\tfg-final-ancas-victorvillermori-2016-2017\ancas-ficheroscosmin\lander\debug\lander.tlog\cl.command.1.tlog
c:\users\luisl\desktop\tfg-final-ancas-victorvillermori-2016-2017\ancas-ficheroscosmin\lander\debug\lander.tlog\cl.read.1.tlog
c:\users\luisl\desktop\tfg-final-ancas-victorvillermori-2016-2017\ancas-ficheroscosmin\lander\debug\lander.tlog\cl.write.1.tlog
c:\users\luisl\desktop\tfg-final-ancas-victorvillermori-2016-2017\ancas-ficheroscosmin\lander\debug\lander.tlog\link.command.1.tlog
c:\users\luisl\desktop\tfg-final-ancas-victorvillermori-2016-2017\ancas-ficheroscosmin\lander\debug\lander.tlog\link.read.1.tlog
c:\users\luisl\desktop\tfg-final-ancas-victorvillermori-2016-2017\ancas-ficheroscosmin\lander\debug\lander.tlog\link.write.1.tlog
c:\users\luisl\desktop\tfg-final-ancas-victorvillermori-2016-2017\ancas-ficheroscosmin\lander\debug\lander.tlog\rc.command.1.tlog
c:\users\luisl\desktop\tfg-final-ancas-victorvillermori-2016-2017\ancas-ficheroscosmin\lander\debug\lander.tlog\rc.read.1.tlog
c:\users\luisl\desktop\tfg-final-ancas-victorvillermori-2016-2017\ancas-ficheroscosmin\lander\debug\lander.tlog\rc.write.1.tlog
